[lucasferrerportfolio.framer.website/index.html]
[backblue.gif]
[fade.gif]
[index.html]
[framerusercontent.com/images/9hy07Q0KyXbonKZBNI7AgPfHMPI.png]
[framerusercontent.com/images/NVnpoK5wbAjzkNj65aXdmOBEBY.png]
[framerusercontent.com/images/xhP94Uj857zKXdUDa6kcuHWsMe427.png]
[framerusercontent.com/images/x7nYyKYsiAqYzRnpfhSk51ex40b3a5.jpg]
[framerusercontent.com/images/9dqJRd6olGE6H5RvIEtEauYz2Yda7d.jpg]
[framerusercontent.com/images/OGQmI8wtTt1EvTaOzV3JAeC7wc07ad.png]
[framerusercontent.com/images/jovIU0SlkK3P70X3QKMUajEfgw9502.png]
[framerusercontent.com/images/OWpxyefQyGfE2I8r5vTQVgoNpo9502.png]
[framerusercontent.com/images/FDPN3pw49ZoZPL6yXh3l8Siqjto9502.png]
[framerusercontent.com/images/65HUy3DFZeveauyvBUduBEJ3gg9502.png]
[framerusercontent.com/images/sC7sUrHdgRbITPGIZaoCyyQ7OgU9502.png]
[framerusercontent.com/images/rh7UwblNLiAGYz21YZGmHcsnzw9502.png]
[framerusercontent.com/images/LDspon7ICLrSzRZa41Qad5vEc9502.png]
[framerusercontent.com/images/uauMGQ2hvfU26enlJOkqzZRMPE9502.png]
[framerusercontent.com/images/BBbef5Bx8oSoyYqASO2HiFrGhU480f.png]
[framerusercontent.com/images/CB7EA2FpenhChSA6VB3RRGIQRvE9502.png]
[framerusercontent.com/images/cQSgAnsgZOBuMnGnaQLLAcDXZc9502.png]
[lucasferrerportfolio.framer.website/index.html]
